Using pre-set license
Built from '2020.3/staging' branch; Version is '2020.3.18f1 (a7d1c678663c) revision 10998214'; Using compiler version '192528614'; Build Type 'Release'
OS: 'Windows 10 Home Single Language; OS build 22000.194; Version 2009; 64bit' Language: 'en' Physical Memory: 16228 MB
BatchMode: 1, IsHumanControllingUs: 0, StartBugReporterOnCrash: 0, Is64bit: 1, IsPro: 0

COMMAND LINE ARGUMENTS:
X:\project\unity\2020.3.18f1\Editor\Unity.exe
-adb2
-batchMode
-noUpm
-name
AssetImportWorker0
-projectPath
X:/project/Survival-Shooter-master/Survival-Shooter-master
-logFile
Logs/AssetImportWorker0.log
-srvPort
50932
Successfully changed project path to: X:/project/Survival-Shooter-master/Survival-Shooter-master
X:/project/Survival-Shooter-master/Survival-Shooter-master
Using Asset Import Pipeline V2.
Refreshing native plugins compatible for Editor in 43.83 ms, found 2 plugins.
Preloading 0 native plugins for Editor in 0.00 ms.
Initialize engine version: 2020.3.18f1 (a7d1c678663c)
[Subsystems] Discovering subsystems at path X:/project/unity/2020.3.18f1/Editor/Data/Resources/UnitySubsystems
[Subsystems] Discovering subsystems at path X:/project/Survival-Shooter-master/Survival-Shooter-master/Assets
GfxDevice: creating device client; threaded=0
Direct3D:
    Version:  Direct3D 11.0 [level 11.1]
    Renderer: NVIDIA GeForce MX150 (ID=0x1d12)
    Vendor:   
    VRAM:     1983 MB
    Driver:   30.0.14.7175
Initialize mono
Mono path[0] = 'X:/project/unity/2020.3.18f1/Editor/Data/Managed'
Mono path[1] = 'X:/project/unity/2020.3.18f1/Editor/Data/MonoBleedingEdge/lib/mono/unityjit'
Mono config path = 'X:/project/unity/2020.3.18f1/Editor/Data/MonoBleedingEdge/etc'
Using monoOptions --debugger-agent=transport=dt_socket,embedding=1,server=y,suspend=n,address=127.0.0.1:56828
Begin MonoManager ReloadAssembly
Registering precompiled unity dll's ...
Register platform support module: X:/project/unity/2020.3.18f1/Editor/Data/PlaybackEngines/WindowsStandaloneSupport/UnityEditor.WindowsStandalone.Extensions.dll
Registered in 0.004435 seconds.
Native extension for WindowsStandalone target not found
Refreshing native plugins compatible for Editor in 67.38 ms, found 2 plugins.
Preloading 0 native plugins for Editor in 0.00 ms.
Mono: successfully reloaded assembly
- Completed reload, in  2.234 seconds
Domain Reload Profiling:
	ReloadAssembly (2234ms)
		BeginReloadAssembly (138ms)
			ExecutionOrderSort (0ms)
			DisableScriptedObjects (0ms)
			BackupInstance (0ms)
			ReleaseScriptingObjects (0ms)
			CreateAndSetChildDomain (2ms)
		EndReloadAssembly (843ms)
			LoadAssemblies (133ms)
			RebuildTransferFunctionScriptingTraits (0ms)
			SetupTypeCache (326ms)
			ReleaseScriptCaches (0ms)
			RebuildScriptCaches (63ms)
			SetupLoadedEditorAssemblies (291ms)
				LogAssemblyErrors (0ms)
				InitializePlatformSupportModulesInManaged (10ms)
				SetLoadedEditorAssemblies (0ms)
				RefreshPlugins (68ms)
				BeforeProcessingInitializeOnLoad (28ms)
				ProcessInitializeOnLoadAttributes (137ms)
				ProcessInitializeOnLoadMethodAttributes (48ms)
				AfterProcessingInitializeOnLoad (0ms)
				EditorAssembliesLoaded (0ms)
			ExecutionOrderSort2 (0ms)
			AwakeInstancesAfterBackupRestoration (0ms)
Platform modules already initialized, skipping
Registering precompiled user dll's ...
Registered in 0.004927 seconds.
Begin MonoManager ReloadAssembly
Native extension for WindowsStandalone target not found
Refreshing native plugins compatible for Editor in 0.43 ms, found 2 plugins.
Preloading 0 native plugins for Editor in 0.00 ms.
Mono: successfully reloaded assembly
- Completed reload, in  1.760 seconds
Domain Reload Profiling:
	ReloadAssembly (1762ms)
		BeginReloadAssembly (242ms)
			ExecutionOrderSort (0ms)
			DisableScriptedObjects (7ms)
			BackupInstance (0ms)
			ReleaseScriptingObjects (0ms)
			CreateAndSetChildDomain (30ms)
		EndReloadAssembly (1416ms)
			LoadAssemblies (154ms)
			RebuildTransferFunctionScriptingTraits (0ms)
			SetupTypeCache (472ms)
			ReleaseScriptCaches (1ms)
			RebuildScriptCaches (70ms)
			SetupLoadedEditorAssemblies (570ms)
				LogAssemblyErrors (0ms)
				InitializePlatformSupportModulesInManaged (8ms)
				SetLoadedEditorAssemblies (1ms)
				RefreshPlugins (1ms)
				BeforeProcessingInitializeOnLoad (137ms)
				ProcessInitializeOnLoadAttributes (401ms)
				ProcessInitializeOnLoadMethodAttributes (9ms)
				AfterProcessingInitializeOnLoad (13ms)
				EditorAssembliesLoaded (0ms)
			ExecutionOrderSort2 (0ms)
			AwakeInstancesAfterBackupRestoration (12ms)
Platform modules already initialized, skipping
========================================================================
Worker process is ready to serve import requests
Launched and connected shader compiler UnityShaderCompiler.exe after 0.13 seconds
Refreshing native plugins compatible for Editor in 0.71 ms, found 2 plugins.
Preloading 0 native plugins for Editor in 0.00 ms.
Unloading 1438 Unused Serialized files (Serialized files now loaded: 0)
System memory in use before: 65.8 MB.
System memory in use after: 65.9 MB.

Unloading 16 unused Assets to reduce memory usage. Loaded Objects now: 1873.
Total: 5.879900 ms (FindLiveObjects: 0.238200 ms CreateObjectMapping: 0.071100 ms MarkObjects: 5.445400 ms  DeleteObjects: 0.123400 ms)

AssetImportParameters requested are different than current active one (requested -> active):
  custom:framework-win-MediaFoundation: 216162199b28c13a410421893ffa2e32 -> 
  custom:video-decoder-ogg-theora: a1e56fd34408186e4bbccfd4996cb3dc -> 
  custom:container-muxer-webm: aa71ff27fc2769a1b78a27578f13a17b -> 
  custom:container-demuxer-webm: 4f35f7cbe854078d1ac9338744f61a02 -> 
  custom:container-demuxer-ogg: 62fdf1f143b41e24485cea50d1cbac27 -> 
  custom:video-encoder-webm-vp8: eb34c28f22e8b96e1ab97ce403110664 -> 
  custom:video-codec-MediaFoundation-h265: 746d11721c4dcdbdad8f713fa42b33f4 -> 
  custom:video-decoder-webm-vp8: 9c59270c3fd7afecdb556c50c9e8de78 -> 
  custom:audio-decoder-ogg-vorbis: bf7c407c2cedff20999df2af8eb42d56 -> 
  custom:audio-encoder-webm-vorbis: bf7c407c2cedff20999df2af8eb42d56 -> 
========================================================================
Received Import Request.
  path: Assets/Scenes
  artifactKey: Guid(9adf53fe41396c6419cf32afbfdbe010) Importer(815301076,1909f56bfc062723c751e8b465ee728b)
Start importing Assets/Scenes using Guid(9adf53fe41396c6419cf32afbfdbe010) Importer(815301076,1909f56bfc062723c751e8b465ee728b)  -> (artifact id: 'b56901e43bfeb7318775c3580225f8cf') in 0.024213 seconds 
  Import took 0.028667 seconds .

========================================================================
Received Import Request.
  Time since last request: 85.515468 seconds.
  path: Assets/Scenes/Level_01.unity
  artifactKey: Guid(c59deaf3f3f0eb34aa2626095402847e) Importer(815301076,1909f56bfc062723c751e8b465ee728b)
Start importing Assets/Scenes/Level_01.unity using Guid(c59deaf3f3f0eb34aa2626095402847e) Importer(815301076,1909f56bfc062723c751e8b465ee728b)  -> (artifact id: '98fe505520dd1062175412f09f2708b5') in 0.029526 seconds 
  Import took 0.032452 seconds .

========================================================================
Received Import Request.
  Time since last request: 2.047779 seconds.
  path: Assets/Scenes/SampleScene.unity
  artifactKey: Guid(9fc0d4010bbf28b4594072e72b8655ab) Importer(815301076,1909f56bfc062723c751e8b465ee728b)
Start importing Assets/Scenes/SampleScene.unity using Guid(9fc0d4010bbf28b4594072e72b8655ab) Importer(815301076,1909f56bfc062723c751e8b465ee728b)  -> (artifact id: '2750943aeab3a1a245a04e9efcdca4a1') in 0.028256 seconds 
  Import took 0.032768 seconds .

========================================================================
Received Prepare
Registering precompiled user dll's ...
Registered in 0.009816 seconds.
Begin MonoManager ReloadAssembly
Native extension for WindowsStandalone target not found
Refreshing native plugins compatible for Editor in 0.40 ms, found 2 plugins.
Preloading 0 native plugins for Editor in 0.00 ms.
Mono: successfully reloaded assembly
- Completed reload, in  1.109 seconds
Domain Reload Profiling:
	ReloadAssembly (1110ms)
		BeginReloadAssembly (131ms)
			ExecutionOrderSort (0ms)
			DisableScriptedObjects (5ms)
			BackupInstance (0ms)
			ReleaseScriptingObjects (0ms)
			CreateAndSetChildDomain (40ms)
		EndReloadAssembly (906ms)
			LoadAssemblies (95ms)
			RebuildTransferFunctionScriptingTraits (0ms)
			SetupTypeCache (310ms)
			ReleaseScriptCaches (1ms)
			RebuildScriptCaches (42ms)
			SetupLoadedEditorAssemblies (344ms)
				LogAssemblyErrors (0ms)
				InitializePlatformSupportModulesInManaged (5ms)
				SetLoadedEditorAssemblies (0ms)
				RefreshPlugins (0ms)
				BeforeProcessingInitializeOnLoad (81ms)
				ProcessInitializeOnLoadAttributes (243ms)
				ProcessInitializeOnLoadMethodAttributes (4ms)
				AfterProcessingInitializeOnLoad (9ms)
				EditorAssembliesLoaded (0ms)
			ExecutionOrderSort2 (0ms)
			AwakeInstancesAfterBackupRestoration (8ms)
Platform modules already initialized, skipping
Refreshing native plugins compatible for Editor in 0.51 ms, found 2 plugins.
Preloading 0 native plugins for Editor in 0.00 ms.
Unloading 1432 Unused Serialized files (Serialized files now loaded: 0)
System memory in use before: 65.6 MB.
System memory in use after: 65.7 MB.

Unloading 11 unused Assets to reduce memory usage. Loaded Objects now: 1875.
Total: 3.641600 ms (FindLiveObjects: 0.163800 ms CreateObjectMapping: 0.042400 ms MarkObjects: 3.380600 ms  DeleteObjects: 0.053600 ms)

AssetImportParameters requested are different than current active one (requested -> active):
  custom:framework-win-MediaFoundation: 216162199b28c13a410421893ffa2e32 -> 
  custom:video-decoder-ogg-theora: a1e56fd34408186e4bbccfd4996cb3dc -> 
  custom:container-muxer-webm: aa71ff27fc2769a1b78a27578f13a17b -> 
  custom:container-demuxer-webm: 4f35f7cbe854078d1ac9338744f61a02 -> 
  custom:container-demuxer-ogg: 62fdf1f143b41e24485cea50d1cbac27 -> 
  custom:video-encoder-webm-vp8: eb34c28f22e8b96e1ab97ce403110664 -> 
  custom:video-codec-MediaFoundation-h265: 746d11721c4dcdbdad8f713fa42b33f4 -> 
  custom:video-decoder-webm-vp8: 9c59270c3fd7afecdb556c50c9e8de78 -> 
  custom:audio-decoder-ogg-vorbis: bf7c407c2cedff20999df2af8eb42d56 -> 
  custom:audio-encoder-webm-vorbis: bf7c407c2cedff20999df2af8eb42d56 -> 
========================================================================
Received Prepare
Registering precompiled user dll's ...
Registered in 0.004115 seconds.
Begin MonoManager ReloadAssembly
Native extension for WindowsStandalone target not found
Refreshing native plugins compatible for Editor in 0.36 ms, found 2 plugins.
Preloading 0 native plugins for Editor in 0.00 ms.
Mono: successfully reloaded assembly
- Completed reload, in  1.424 seconds
Domain Reload Profiling:
	ReloadAssembly (1424ms)
		BeginReloadAssembly (161ms)
			ExecutionOrderSort (0ms)
			DisableScriptedObjects (9ms)
			BackupInstance (0ms)
			ReleaseScriptingObjects (0ms)
			CreateAndSetChildDomain (47ms)
		EndReloadAssembly (1147ms)
			LoadAssemblies (143ms)
			RebuildTransferFunctionScriptingTraits (0ms)
			SetupTypeCache (392ms)
			ReleaseScriptCaches (1ms)
			RebuildScriptCaches (57ms)
			SetupLoadedEditorAssemblies (437ms)
				LogAssemblyErrors (0ms)
				InitializePlatformSupportModulesInManaged (6ms)
				SetLoadedEditorAssemblies (1ms)
				RefreshPlugins (0ms)
				BeforeProcessingInitializeOnLoad (108ms)
				ProcessInitializeOnLoadAttributes (306ms)
				ProcessInitializeOnLoadMethodAttributes (5ms)
				AfterProcessingInitializeOnLoad (10ms)
				EditorAssembliesLoaded (0ms)
			ExecutionOrderSort2 (0ms)
			AwakeInstancesAfterBackupRestoration (9ms)
Platform modules already initialized, skipping
Refreshing native plugins compatible for Editor in 0.41 ms, found 2 plugins.
Preloading 0 native plugins for Editor in 0.00 ms.
Unloading 1432 Unused Serialized files (Serialized files now loaded: 0)
System memory in use before: 65.7 MB.
System memory in use after: 65.8 MB.

Unloading 11 unused Assets to reduce memory usage. Loaded Objects now: 1877.
Total: 5.978400 ms (FindLiveObjects: 0.144700 ms CreateObjectMapping: 0.049400 ms MarkObjects: 5.736100 ms  DeleteObjects: 0.046500 ms)

AssetImportParameters requested are different than current active one (requested -> active):
  custom:framework-win-MediaFoundation: 216162199b28c13a410421893ffa2e32 -> 
  custom:video-decoder-ogg-theora: a1e56fd34408186e4bbccfd4996cb3dc -> 
  custom:container-muxer-webm: aa71ff27fc2769a1b78a27578f13a17b -> 
  custom:container-demuxer-webm: 4f35f7cbe854078d1ac9338744f61a02 -> 
  custom:container-demuxer-ogg: 62fdf1f143b41e24485cea50d1cbac27 -> 
  custom:video-encoder-webm-vp8: eb34c28f22e8b96e1ab97ce403110664 -> 
  custom:video-codec-MediaFoundation-h265: 746d11721c4dcdbdad8f713fa42b33f4 -> 
  custom:video-decoder-webm-vp8: 9c59270c3fd7afecdb556c50c9e8de78 -> 
  custom:audio-decoder-ogg-vorbis: bf7c407c2cedff20999df2af8eb42d56 -> 
  custom:audio-encoder-webm-vorbis: bf7c407c2cedff20999df2af8eb42d56 -> 
========================================================================
Received Import Request.
  Time since last request: 2915.175792 seconds.
  path: Assets/Audio/Music
  artifactKey: Guid(b3c01b03755cd7440ada9a1f43cdb871) Importer(815301076,1909f56bfc062723c751e8b465ee728b)
Start importing Assets/Audio/Music using Guid(b3c01b03755cd7440ada9a1f43cdb871) Importer(815301076,1909f56bfc062723c751e8b465ee728b)  -> (artifact id: '7b7d94398451d3f789ee53c34e1ec05b') in 0.030302 seconds 
  Import took 0.033469 seconds .

========================================================================
Received Import Request.
  Time since last request: 0.044272 seconds.
  path: Assets/Audio/Music/Background Music.mp3
  artifactKey: Guid(4fff99673a41e24439d527ad0bd6b569) Importer(815301076,1909f56bfc062723c751e8b465ee728b)
Start importing Assets/Audio/Music/Background Music.mp3 using Guid(4fff99673a41e24439d527ad0bd6b569) Importer(815301076,1909f56bfc062723c751e8b465ee728b)  -> (artifact id: '045515a875e2b8cae87286c2826f977f') in 0.164615 seconds 
  Import took 0.167944 seconds .

========================================================================
Received Import Request.
  Time since last request: 2.342741 seconds.
  path: Assets/Audio/Effects
  artifactKey: Guid(5df35fc1e61475b4887e6c9fb378837f) Importer(815301076,1909f56bfc062723c751e8b465ee728b)
Start importing Assets/Audio/Effects using Guid(5df35fc1e61475b4887e6c9fb378837f) Importer(815301076,1909f56bfc062723c751e8b465ee728b)  -> (artifact id: '07fcacaf633e6ac21a66559acf231618') in 0.026279 seconds 
  Import took 0.029491 seconds .

========================================================================
Received Import Request.
  Time since last request: 0.051278 seconds.
  path: Assets/Audio/Effects/Hellephant Death.wav
  artifactKey: Guid(8c615fd0429f34edf85539d70279360d) Importer(815301076,1909f56bfc062723c751e8b465ee728b)
Start importing Assets/Audio/Effects/Hellephant Death.wav using Guid(8c615fd0429f34edf85539d70279360d) Importer(815301076,1909f56bfc062723c751e8b465ee728b)  -> (artifact id: 'bbe7cc6bfb6f88c46cc3ea0d0a419448') in 0.037097 seconds 
  Import took 0.040078 seconds .

========================================================================
Received Import Request.
  Time since last request: 0.000456 seconds.
  path: Assets/Audio/Effects/ZomBunny Hurt.wav
  artifactKey: Guid(02e6208ec76314158a9f548f51fe9f11) Importer(815301076,1909f56bfc062723c751e8b465ee728b)
Start importing Assets/Audio/Effects/ZomBunny Hurt.wav using Guid(02e6208ec76314158a9f548f51fe9f11) Importer(815301076,1909f56bfc062723c751e8b465ee728b)  -> (artifact id: '56f356aa62c8590f4415800be7f51a49') in 0.035050 seconds 
  Import took 0.038895 seconds .

========================================================================
Received Import Request.
  Time since last request: 0.000558 seconds.
  path: Assets/Audio/Effects/ZomBunny Death.wav
  artifactKey: Guid(1d3bfb9269f136947bf8ac164cace1ff) Importer(815301076,1909f56bfc062723c751e8b465ee728b)
Start importing Assets/Audio/Effects/ZomBunny Death.wav using Guid(1d3bfb9269f136947bf8ac164cace1ff) Importer(815301076,1909f56bfc062723c751e8b465ee728b)  -> (artifact id: '5ba4bbfe8e2d76ca7eb40fc3b6b50c73') in 0.032121 seconds 
  Import took 0.035525 seconds .

========================================================================
Received Import Request.
  Time since last request: 0.000661 seconds.
  path: Assets/Audio/Effects/ZomBear Hurt.wav
  artifactKey: Guid(1d4840678e677424b8921716c72397ea) Importer(815301076,1909f56bfc062723c751e8b465ee728b)
Start importing Assets/Audio/Effects/ZomBear Hurt.wav using Guid(1d4840678e677424b8921716c72397ea) Importer(815301076,1909f56bfc062723c751e8b465ee728b)  -> (artifact id: '7e1c79a07fdbfcf4b01ae3e0d58f8d3e') in 0.031200 seconds 
  Import took 0.035046 seconds .

========================================================================
Received Import Request.
  Time since last request: 0.000478 seconds.
  path: Assets/Audio/Effects/Player Death.wav
  artifactKey: Guid(d36a393bca4582043982db9089e1694f) Importer(815301076,1909f56bfc062723c751e8b465ee728b)
Start importing Assets/Audio/Effects/Player Death.wav using Guid(d36a393bca4582043982db9089e1694f) Importer(815301076,1909f56bfc062723c751e8b465ee728b)  -> (artifact id: 'd5612031fa9de3b66a3e9ac0500b663f') in 0.027121 seconds 
  Import took 0.030787 seconds .

========================================================================
Received Import Request.
  Time since last request: 0.000488 seconds.
  path: Assets/Audio/Effects/Player Hurt.wav
  artifactKey: Guid(9922a12f34d0a084aab32de985459723) Importer(815301076,1909f56bfc062723c751e8b465ee728b)
Start importing Assets/Audio/Effects/Player Hurt.wav using Guid(9922a12f34d0a084aab32de985459723) Importer(815301076,1909f56bfc062723c751e8b465ee728b)  -> (artifact id: 'e249a9a27591c7bdbfc2dee96718792c') in 0.029570 seconds 
  Import took 0.033486 seconds .

========================================================================
Received Import Request.
  Time since last request: 0.000428 seconds.
  path: Assets/Audio/Effects/Player GunShot.wav
  artifactKey: Guid(fa7f046ce321d4021b5e753bf1152916) Importer(815301076,1909f56bfc062723c751e8b465ee728b)
Start importing Assets/Audio/Effects/Player GunShot.wav using Guid(fa7f046ce321d4021b5e753bf1152916) Importer(815301076,1909f56bfc062723c751e8b465ee728b)  -> (artifact id: 'a340be3fe97cf4c7f905be62e8e288ad') in 0.203997 seconds 
  Import took 0.236209 seconds .

========================================================================
Received Import Request.
  Time since last request: 0.000520 seconds.
  path: Assets/Audio/Effects/Hellephant Hurt.wav
  artifactKey: Guid(fce027b40770a44298a6f5a4233bfb04) Importer(815301076,1909f56bfc062723c751e8b465ee728b)
Start importing Assets/Audio/Effects/Hellephant Hurt.wav using Guid(fce027b40770a44298a6f5a4233bfb04) Importer(815301076,1909f56bfc062723c751e8b465ee728b)  -> (artifact id: '5ed4dceebb937d4477efdc07acc719f4') in 0.035250 seconds 
  Import took 0.038214 seconds .

========================================================================
Received Import Request.
  Time since last request: 0.000633 seconds.
  path: Assets/Audio/Effects/ZomBear Death.wav
  artifactKey: Guid(62366b8d2c37a49dca550841c741317f) Importer(815301076,1909f56bfc062723c751e8b465ee728b)
Start importing Assets/Audio/Effects/ZomBear Death.wav using Guid(62366b8d2c37a49dca550841c741317f) Importer(815301076,1909f56bfc062723c751e8b465ee728b)  -> (artifact id: '70aca9795e3e8b9a952a6a02a3a971f0') in 0.031994 seconds 
  Import took 0.036275 seconds .

========================================================================
Received Import Request.
  Time since last request: 0.000562 seconds.
  path: Assets/Audio/Effects/Hellephant Hurt.wav
  artifactKey: Guid(fce027b40770a44298a6f5a4233bfb04) Importer(815301076,1909f56bfc062723c751e8b465ee728b)
Start importing Assets/Audio/Effects/Hellephant Hurt.wav using Guid(fce027b40770a44298a6f5a4233bfb04) Importer(815301076,1909f56bfc062723c751e8b465ee728b)  -> (artifact id: '5ed4dceebb937d4477efdc07acc719f4') in 0.018289 seconds 
  Import took 0.023034 seconds .

========================================================================
Received Import Request.
  Time since last request: 88.791505 seconds.
  path: Assets/Scripts
  artifactKey: Guid(5b4c49a66ffe046409ae2403576daed6) Importer(815301076,1909f56bfc062723c751e8b465ee728b)
Start importing Assets/Scripts using Guid(5b4c49a66ffe046409ae2403576daed6) Importer(815301076,1909f56bfc062723c751e8b465ee728b)  -> (artifact id: '65600f2ad3bdea3f54825833c42536ff') in 0.021274 seconds 
  Import took 0.024994 seconds .

========================================================================
Received Import Request.
  Time since last request: 1.457001 seconds.
  path: Assets/Scripts/Player
  artifactKey: Guid(ddcf9b9898ce58248b9a49113705d610) Importer(815301076,1909f56bfc062723c751e8b465ee728b)
Start importing Assets/Scripts/Player using Guid(ddcf9b9898ce58248b9a49113705d610) Importer(815301076,1909f56bfc062723c751e8b465ee728b)  -> (artifact id: 'ab802893feee218707c65001fcdef65a') in 0.023814 seconds 
  Import took 0.026775 seconds .

========================================================================
Received Import Request.
  Time since last request: 1.221225 seconds.
  path: Assets/Scripts/Player/PlayerDetector.cs
  artifactKey: Guid(639eddff56141a24b91871fec92f2bbb) Importer(815301076,1909f56bfc062723c751e8b465ee728b)
Start importing Assets/Scripts/Player/PlayerDetector.cs using Guid(639eddff56141a24b91871fec92f2bbb) Importer(815301076,1909f56bfc062723c751e8b465ee728b)  -> (artifact id: 'e58014c1af6cab9cf9cacd4855851b8a') in 0.053985 seconds 
  Import took 0.057379 seconds .

========================================================================
Received Import Request.
  Time since last request: 1.167980 seconds.
  path: Assets/Scripts/Player/PlayerHealth.cs
  artifactKey: Guid(544f2064df03e95419b4a5147c506b08) Importer(815301076,1909f56bfc062723c751e8b465ee728b)
Start importing Assets/Scripts/Player/PlayerHealth.cs using Guid(544f2064df03e95419b4a5147c506b08) Importer(815301076,1909f56bfc062723c751e8b465ee728b)  -> (artifact id: 'c8db60fac59d2153696efb8afeec9dbd') in 0.019453 seconds 
  Import took 0.023294 seconds .

========================================================================
Received Import Request.
  Time since last request: 156.176736 seconds.
  path: Assets/Scripts/Managers
  artifactKey: Guid(5f0c3aa6ccd64c0419d38bf2d88ee39e) Importer(815301076,1909f56bfc062723c751e8b465ee728b)
Start importing Assets/Scripts/Managers using Guid(5f0c3aa6ccd64c0419d38bf2d88ee39e) Importer(815301076,1909f56bfc062723c751e8b465ee728b)  -> (artifact id: '938c040a49fb8f9634b1fdd07c2dcfb4') in 0.113713 seconds 
  Import took 0.117225 seconds .

========================================================================
Received Import Request.
  Time since last request: 1.138428 seconds.
  path: Assets/Scripts/Managers/GameOverManager.cs
  artifactKey: Guid(d9c9e0011c2ed97428a4efc03b455359) Importer(815301076,1909f56bfc062723c751e8b465ee728b)
Start importing Assets/Scripts/Managers/GameOverManager.cs using Guid(d9c9e0011c2ed97428a4efc03b455359) Importer(815301076,1909f56bfc062723c751e8b465ee728b)  -> (artifact id: '50ef21b13db9a55fecf9b46ec1083b9b') in 0.020219 seconds 
  Import took 0.025000 seconds .

========================================================================
Received Import Request.
  Time since last request: 177.790739 seconds.
  path: Assets/Materials/FlareParticleMaterial.mat
  artifactKey: Guid(b75a561f374f89247a62336b50288d40) Importer(815301076,1909f56bfc062723c751e8b465ee728b)
Start importing Assets/Materials/FlareParticleMaterial.mat using Guid(b75a561f374f89247a62336b50288d40) Importer(815301076,1909f56bfc062723c751e8b465ee728b)  -> (artifact id: '0c762469b3267282b594a82406d1c1d0') in 0.193340 seconds 
  Import took 0.198374 seconds .

========================================================================
Received Import Request.
  Time since last request: 0.002418 seconds.
  path: Assets/Materials/FlareParticleMaterial.mat
  artifactKey: Guid(b75a561f374f89247a62336b50288d40) Importer(815301076,1909f56bfc062723c751e8b465ee728b)
Start importing Assets/Materials/FlareParticleMaterial.mat using Guid(b75a561f374f89247a62336b50288d40) Importer(815301076,1909f56bfc062723c751e8b465ee728b)  -> (artifact id: '0c762469b3267282b594a82406d1c1d0') in 0.019963 seconds 
  Import took 0.024653 seconds .

========================================================================
Received Prepare
Registering precompiled user dll's ...
Registered in 0.004967 seconds.
Begin MonoManager ReloadAssembly
Native extension for WindowsStandalone target not found
Refreshing native plugins compatible for Editor in 0.38 ms, found 2 plugins.
Preloading 0 native plugins for Editor in 0.00 ms.
Mono: successfully reloaded assembly
- Completed reload, in  1.290 seconds
Domain Reload Profiling:
	ReloadAssembly (1290ms)
		BeginReloadAssembly (132ms)
			ExecutionOrderSort (0ms)
			DisableScriptedObjects (5ms)
			BackupInstance (0ms)
			ReleaseScriptingObjects (0ms)
			CreateAndSetChildDomain (42ms)
		EndReloadAssembly (1060ms)
			LoadAssemblies (125ms)
			RebuildTransferFunctionScriptingTraits (0ms)
			SetupTypeCache (338ms)
			ReleaseScriptCaches (1ms)
			RebuildScriptCaches (50ms)
			SetupLoadedEditorAssemblies (387ms)
				LogAssemblyErrors (0ms)
				InitializePlatformSupportModulesInManaged (8ms)
				SetLoadedEditorAssemblies (1ms)
				RefreshPlugins (0ms)
				BeforeProcessingInitializeOnLoad (93ms)
				ProcessInitializeOnLoadAttributes (270ms)
				ProcessInitializeOnLoadMethodAttributes (6ms)
				AfterProcessingInitializeOnLoad (10ms)
				EditorAssembliesLoaded (0ms)
			ExecutionOrderSort2 (0ms)
			AwakeInstancesAfterBackupRestoration (13ms)
Platform modules already initialized, skipping
Refreshing native plugins compatible for Editor in 0.69 ms, found 2 plugins.
Preloading 0 native plugins for Editor in 0.00 ms.
Unloading 1432 Unused Serialized files (Serialized files now loaded: 0)
System memory in use before: 69.1 MB.
System memory in use after: 69.2 MB.

Unloading 12 unused Assets to reduce memory usage. Loaded Objects now: 1922.
Total: 4.303500 ms (FindLiveObjects: 0.305300 ms CreateObjectMapping: 0.050100 ms MarkObjects: 3.851400 ms  DeleteObjects: 0.095300 ms)

AssetImportParameters requested are different than current active one (requested -> active):
  custom:framework-win-MediaFoundation: 216162199b28c13a410421893ffa2e32 -> 
  custom:video-decoder-ogg-theora: a1e56fd34408186e4bbccfd4996cb3dc -> 
  custom:container-muxer-webm: aa71ff27fc2769a1b78a27578f13a17b -> 
  custom:container-demuxer-webm: 4f35f7cbe854078d1ac9338744f61a02 -> 
  custom:container-demuxer-ogg: 62fdf1f143b41e24485cea50d1cbac27 -> 
  custom:video-encoder-webm-vp8: eb34c28f22e8b96e1ab97ce403110664 -> 
  custom:video-codec-MediaFoundation-h265: 746d11721c4dcdbdad8f713fa42b33f4 -> 
  custom:video-decoder-webm-vp8: 9c59270c3fd7afecdb556c50c9e8de78 -> 
  custom:audio-decoder-ogg-vorbis: bf7c407c2cedff20999df2af8eb42d56 -> 
  custom:audio-encoder-webm-vorbis: bf7c407c2cedff20999df2af8eb42d56 -> 
========================================================================
Received Prepare
Registering precompiled user dll's ...
Registered in 0.088130 seconds.
Begin MonoManager ReloadAssembly
Native extension for WindowsStandalone target not found
Refreshing native plugins compatible for Editor in 0.50 ms, found 2 plugins.
Preloading 0 native plugins for Editor in 0.00 ms.
Mono: successfully reloaded assembly
- Completed reload, in  2.832 seconds
Domain Reload Profiling:
	ReloadAssembly (2841ms)
		BeginReloadAssembly (781ms)
			ExecutionOrderSort (0ms)
			DisableScriptedObjects (29ms)
			BackupInstance (0ms)
			ReleaseScriptingObjects (0ms)
			CreateAndSetChildDomain (513ms)
		EndReloadAssembly (1846ms)
			LoadAssemblies (300ms)
			RebuildTransferFunctionScriptingTraits (0ms)
			SetupTypeCache (629ms)
			ReleaseScriptCaches (1ms)
			RebuildScriptCaches (70ms)
			SetupLoadedEditorAssemblies (681ms)
				LogAssemblyErrors (0ms)
				InitializePlatformSupportModulesInManaged (8ms)
				SetLoadedEditorAssemblies (1ms)
				RefreshPlugins (1ms)
				BeforeProcessingInitializeOnLoad (113ms)
				ProcessInitializeOnLoadAttributes (542ms)
				ProcessInitializeOnLoadMethodAttributes (6ms)
				AfterProcessingInitializeOnLoad (10ms)
				EditorAssembliesLoaded (0ms)
			ExecutionOrderSort2 (0ms)
			AwakeInstancesAfterBackupRestoration (13ms)
Platform modules already initialized, skipping
Switching build target platform(19) subTarget(0) extendedPlatform(0) -> platform(13) subTarget(537395200) extendedPlatform(0)
Refreshing native plugins compatible for Editor in 0.72 ms, found 2 plugins.
Preloading 0 native plugins for Editor in 0.00 ms.
Unloading 1436 Unused Serialized files (Serialized files now loaded: 0)
System memory in use before: 69.2 MB.
System memory in use after: 69.3 MB.

Unloading 11 unused Assets to reduce memory usage. Loaded Objects now: 1924.
Total: 4.927600 ms (FindLiveObjects: 0.183700 ms CreateObjectMapping: 0.044900 ms MarkObjects: 4.651600 ms  DeleteObjects: 0.046400 ms)

AssetImportParameters requested are different than current active one (requested -> active):
  custom:framework-win-MediaFoundation: 216162199b28c13a410421893ffa2e32 -> 
  custom:video-decoder-ogg-theora: a1e56fd34408186e4bbccfd4996cb3dc -> 
  custom:container-muxer-webm: aa71ff27fc2769a1b78a27578f13a17b -> 
  custom:container-demuxer-webm: 4f35f7cbe854078d1ac9338744f61a02 -> 
  custom:container-demuxer-ogg: 62fdf1f143b41e24485cea50d1cbac27 -> 
  custom:video-encoder-webm-vp8: eb34c28f22e8b96e1ab97ce403110664 -> 
  custom:video-codec-MediaFoundation-h265: 746d11721c4dcdbdad8f713fa42b33f4 -> 
  custom:video-decoder-webm-vp8: 9c59270c3fd7afecdb556c50c9e8de78 -> 
  custom:graphics/normal-map-encoding: 01000000000000000000000000000000 -> 02000000000000000000000000000000
  custom:audio-decoder-ogg-vorbis: bf7c407c2cedff20999df2af8eb42d56 -> 
  custom:audio-encoder-webm-vorbis: bf7c407c2cedff20999df2af8eb42d56 -> 
========================================================================
Received Prepare
Refreshing native plugins compatible for Editor in 3.13 ms, found 2 plugins.
Preloading 0 native plugins for Editor in 0.00 ms.
Unloading 9 Unused Serialized files (Serialized files now loaded: 0)
System memory in use before: 40.9 MB.
System memory in use after: 41.1 MB.

Unloading 9 unused Assets to reduce memory usage. Loaded Objects now: 1924.
Total: 4.138300 ms (FindLiveObjects: 0.210100 ms CreateObjectMapping: 0.073400 ms MarkObjects: 3.823100 ms  DeleteObjects: 0.030900 ms)

AssetImportParameters requested are different than current active one (requested -> active):
  custom:framework-win-MediaFoundation: 216162199b28c13a410421893ffa2e32 -> 
  custom:video-decoder-ogg-theora: a1e56fd34408186e4bbccfd4996cb3dc -> 
  custom:container-muxer-webm: aa71ff27fc2769a1b78a27578f13a17b -> 
  custom:container-demuxer-webm: 4f35f7cbe854078d1ac9338744f61a02 -> 
  custom:container-demuxer-ogg: 62fdf1f143b41e24485cea50d1cbac27 -> 
  custom:video-encoder-webm-vp8: eb34c28f22e8b96e1ab97ce403110664 -> 
  custom:video-codec-MediaFoundation-h265: 746d11721c4dcdbdad8f713fa42b33f4 -> 
  custom:video-decoder-webm-vp8: 9c59270c3fd7afecdb556c50c9e8de78 -> 
  custom:audio-decoder-ogg-vorbis: bf7c407c2cedff20999df2af8eb42d56 -> 
  custom:audio-encoder-webm-vorbis: bf7c407c2cedff20999df2af8eb42d56 -> 
========================================================================
Received Prepare
Registering precompiled user dll's ...
Registered in 0.006045 seconds.
Begin MonoManager ReloadAssembly
Native extension for WindowsStandalone target not found
Refreshing native plugins compatible for Editor in 0.45 ms, found 2 plugins.
Preloading 0 native plugins for Editor in 0.00 ms.
Mono: successfully reloaded assembly
- Completed reload, in  1.872 seconds
Domain Reload Profiling:
	ReloadAssembly (1873ms)
		BeginReloadAssembly (212ms)
			ExecutionOrderSort (0ms)
			DisableScriptedObjects (8ms)
			BackupInstance (0ms)
			ReleaseScriptingObjects (0ms)
			CreateAndSetChildDomain (52ms)
		EndReloadAssembly (1476ms)
			LoadAssemblies (202ms)
			RebuildTransferFunctionScriptingTraits (0ms)
			SetupTypeCache (513ms)
			ReleaseScriptCaches (1ms)
			RebuildScriptCaches (63ms)
			SetupLoadedEditorAssemblies (569ms)
				LogAssemblyErrors (0ms)
				InitializePlatformSupportModulesInManaged (8ms)
				SetLoadedEditorAssemblies (1ms)
				RefreshPlugins (1ms)
				BeforeProcessingInitializeOnLoad (133ms)
				ProcessInitializeOnLoadAttributes (408ms)
				ProcessInitializeOnLoadMethodAttributes (6ms)
				AfterProcessingInitializeOnLoad (11ms)
				EditorAssembliesLoaded (0ms)
			ExecutionOrderSort2 (0ms)
			AwakeInstancesAfterBackupRestoration (10ms)
Platform modules already initialized, skipping
Refreshing native plugins compatible for Editor in 0.82 ms, found 2 plugins.
Preloading 0 native plugins for Editor in 0.00 ms.
Unloading 1432 Unused Serialized files (Serialized files now loaded: 0)
System memory in use before: 69.1 MB.
System memory in use after: 69.2 MB.

Unloading 11 unused Assets to reduce memory usage. Loaded Objects now: 1926.
Total: 4.286500 ms (FindLiveObjects: 0.303800 ms CreateObjectMapping: 0.059700 ms MarkObjects: 3.877000 ms  DeleteObjects: 0.044600 ms)

AssetImportParameters requested are different than current active one (requested -> active):
  custom:framework-win-MediaFoundation: 216162199b28c13a410421893ffa2e32 -> 
  custom:video-decoder-ogg-theora: a1e56fd34408186e4bbccfd4996cb3dc -> 
  custom:container-muxer-webm: aa71ff27fc2769a1b78a27578f13a17b -> 
  custom:container-demuxer-webm: 4f35f7cbe854078d1ac9338744f61a02 -> 
  custom:container-demuxer-ogg: 62fdf1f143b41e24485cea50d1cbac27 -> 
  custom:video-encoder-webm-vp8: eb34c28f22e8b96e1ab97ce403110664 -> 
  custom:video-codec-MediaFoundation-h265: 746d11721c4dcdbdad8f713fa42b33f4 -> 
  custom:video-decoder-webm-vp8: 9c59270c3fd7afecdb556c50c9e8de78 -> 
  custom:audio-decoder-ogg-vorbis: bf7c407c2cedff20999df2af8eb42d56 -> 
  custom:audio-encoder-webm-vorbis: bf7c407c2cedff20999df2af8eb42d56 -> 
========================================================================
Received Prepare
Refreshing native plugins compatible for Editor in 3.37 ms, found 2 plugins.
Preloading 0 native plugins for Editor in 0.00 ms.
Unloading 9 Unused Serialized files (Serialized files now loaded: 0)
System memory in use before: 41.0 MB.
System memory in use after: 41.1 MB.

Unloading 9 unused Assets to reduce memory usage. Loaded Objects now: 1926.
Total: 4.824000 ms (FindLiveObjects: 0.217900 ms CreateObjectMapping: 0.056000 ms MarkObjects: 4.489400 ms  DeleteObjects: 0.059700 ms)

AssetImportParameters requested are different than current active one (requested -> active):
  custom:framework-win-MediaFoundation: 216162199b28c13a410421893ffa2e32 -> 
  custom:video-decoder-ogg-theora: a1e56fd34408186e4bbccfd4996cb3dc -> 
  custom:container-muxer-webm: aa71ff27fc2769a1b78a27578f13a17b -> 
  custom:container-demuxer-webm: 4f35f7cbe854078d1ac9338744f61a02 -> 
  custom:container-demuxer-ogg: 62fdf1f143b41e24485cea50d1cbac27 -> 
  custom:video-encoder-webm-vp8: eb34c28f22e8b96e1ab97ce403110664 -> 
  custom:video-codec-MediaFoundation-h265: 746d11721c4dcdbdad8f713fa42b33f4 -> 
  custom:video-decoder-webm-vp8: 9c59270c3fd7afecdb556c50c9e8de78 -> 
  custom:audio-decoder-ogg-vorbis: bf7c407c2cedff20999df2af8eb42d56 -> 
  custom:audio-encoder-webm-vorbis: bf7c407c2cedff20999df2af8eb42d56 -> 
========================================================================
Received Prepare
Refreshing native plugins compatible for Editor in 4.47 ms, found 2 plugins.
Preloading 0 native plugins for Editor in 0.00 ms.
Unloading 9 Unused Serialized files (Serialized files now loaded: 0)
System memory in use before: 41.0 MB.
System memory in use after: 41.1 MB.

Unloading 9 unused Assets to reduce memory usage. Loaded Objects now: 1926.
Total: 4.611700 ms (FindLiveObjects: 0.189800 ms CreateObjectMapping: 0.102100 ms MarkObjects: 4.276700 ms  DeleteObjects: 0.042000 ms)

AssetImportParameters requested are different than current active one (requested -> active):
  custom:framework-win-MediaFoundation: 216162199b28c13a410421893ffa2e32 -> 
  custom:video-decoder-ogg-theora: a1e56fd34408186e4bbccfd4996cb3dc -> 
  custom:container-muxer-webm: aa71ff27fc2769a1b78a27578f13a17b -> 
  custom:container-demuxer-webm: 4f35f7cbe854078d1ac9338744f61a02 -> 
  custom:container-demuxer-ogg: 62fdf1f143b41e24485cea50d1cbac27 -> 
  custom:video-encoder-webm-vp8: eb34c28f22e8b96e1ab97ce403110664 -> 
  custom:video-codec-MediaFoundation-h265: 746d11721c4dcdbdad8f713fa42b33f4 -> 
  custom:video-decoder-webm-vp8: 9c59270c3fd7afecdb556c50c9e8de78 -> 
  custom:audio-decoder-ogg-vorbis: bf7c407c2cedff20999df2af8eb42d56 -> 
  custom:audio-encoder-webm-vorbis: bf7c407c2cedff20999df2af8eb42d56 -> 
AssetImportWorkerClient::OnTransportError - code=2 error=End of file
